This file contains any messages produced by compilers while
running configure, to aid debugging if configure makes a mistake.

It was created by sss configure 0.1, which was
generated by GNU Autoconf 2.59.  Invocation command line was

  $ ./configure 

## --------- ##
## Platform. ##
## --------- ##

hostname = ddt
uname -m = x86_64
uname -r = 2.6.18-308.4.1.el5
uname -s = Linux
uname -v = #1 SMP Wed Mar 28 01:54:56 EDT 2012

/usr/bin/uname -p = unknown
/bin/uname -X     = unknown

/bin/arch              = x86_64
/usr/bin/arch -k       = unknown
/usr/convex/getsysinfo = unknown
hostinfo               = unknown
/bin/machine           = unknown
/usr/bin/oslevel       = unknown
/bin/universe          = unknown

PATH: /msrc/lapps/intel/idbe/10.1/bin
PATH: /msrc/lapps/intel/fce/10.1/bin
PATH: /msrc/lapps/intel/cce/10.1/bin
PATH: /home/dbaxter/bin
PATH: /opt/local/bin
PATH: /usr/afsws/bin
PATH: /usr/kerberos/bin
PATH: /usr/lib64/qt-3.3/bin
PATH: /opt/local/bin
PATH: /usr/afsws/bin
PATH: /usr/kerberos/bin
PATH: /usr/local/bin
PATH: /usr/bin
PATH: /bin
PATH: /usr/X11R6/bin
PATH: /msrc/share/bin
PATH: /msrc/lapps/intel/cce/10.1/bin
PATH: /msrc/lapps/intel/fce/10.1/bin
PATH: /msrc/lapps/intel/idbe/10.1/bin
PATH: /msrc/apps/mpich2-11b/intel/bin


## ----------- ##
## Core tests. ##
## ----------- ##

configure:1317: checking for a BSD-compatible install
configure:1372: result: /usr/bin/install -c
configure:1383: checking whether build environment is sane
configure:1426: result: yes
configure:1491: checking for gawk
configure:1507: found /usr/bin/gawk
configure:1517: result: gawk
configure:1527: checking whether make sets $(MAKE)
configure:1547: result: yes
configure:1762: checking for gcc
configure:1778: found /usr/bin/gcc
configure:1788: result: gcc
configure:2032: checking for C compiler version
configure:2035: gcc --version </dev/null >&5
gcc (GCC) 4.1.2 20080704 (Red Hat 4.1.2-52)
Copyright (C) 2006 Free Software Foundation, Inc.
This is free software; see the source for copying conditions.  There is NO
warranty; not even for MERCHANTABILITY or FITNESS FOR A PARTICULAR PURPOSE.

configure:2038: $? = 0
configure:2040: gcc -v </dev/null >&5
Using built-in specs.
Target: x86_64-redhat-linux
Configured with: ../configure --prefix=/usr --mandir=/usr/share/man --infodir=/usr/share/info --enable-shared --enable-threads=posix --enable-checking=release --with-system-zlib --enable-__cxa_atexit --disable-libunwind-exceptions --enable-libgcj-multifile --enable-languages=c,c++,objc,obj-c++,java,fortran,ada --enable-java-awt=gtk --disable-dssi --disable-plugin --with-java-home=/usr/lib/jvm/java-1.4.2-gcj-1.4.2.0/jre --with-cpu=generic --host=x86_64-redhat-linux
Thread model: posix
gcc version 4.1.2 20080704 (Red Hat 4.1.2-52)
configure:2043: $? = 0
configure:2045: gcc -V </dev/null >&5
gcc: '-V' option must have argument
configure:2048: $? = 1
configure:2071: checking for C compiler default output file name
configure:2074: gcc    conftest.c  >&5
configure:2077: $? = 0
configure:2123: result: a.out
configure:2128: checking whether the C compiler works
configure:2134: ./a.out
configure:2137: $? = 0
configure:2154: result: yes
configure:2161: checking whether we are cross compiling
configure:2163: result: no
configure:2166: checking for suffix of executables
configure:2168: gcc -o conftest    conftest.c  >&5
configure:2171: $? = 0
configure:2196: result: 
configure:2202: checking for suffix of object files
configure:2223: gcc -c   conftest.c >&5
configure:2226: $? = 0
configure:2248: result: o
configure:2252: checking whether we are using the GNU C compiler
configure:2276: gcc -c   conftest.c >&5
configure:2282: $? = 0
configure:2286: test -z 
			 || test ! -s conftest.err
configure:2289: $? = 0
configure:2292: test -s conftest.o
configure:2295: $? = 0
configure:2308: result: yes
configure:2314: checking whether gcc accepts -g
configure:2335: gcc -c -g  conftest.c >&5
configure:2341: $? = 0
configure:2345: test -z 
			 || test ! -s conftest.err
configure:2348: $? = 0
configure:2351: test -s conftest.o
configure:2354: $? = 0
configure:2365: result: yes
configure:2383: checking for gcc option to accept ANSI C
configure:2453: gcc  -c   conftest.c >&5
configure:2459: $? = 0
configure:2463: test -z 
			 || test ! -s conftest.err
configure:2466: $? = 0
configure:2469: test -s conftest.o
configure:2472: $? = 0
configure:2490: result: none needed
configure:2508: gcc -c   conftest.c >&5
conftest.c:2: error: expected '=', ',', ';', 'asm' or '__attribute__' before 'me'
configure:2514: $? = 1
configure: failed program was:
| #ifndef __cplusplus
|   choke me
| #endif
configure:2658: checking for style of include used by make
configure:2686: result: GNU
configure:2714: checking dependency style of gcc
configure:2804: result: none
configure:2826: checking how to run the C preprocessor
configure:2861: gcc -E  conftest.c
configure:2867: $? = 0
configure:2899: gcc -E  conftest.c
conftest.c:11:28: error: ac_nonexistent.h: No such file or directory
configure:2905: $? = 1
configure: failed program was:
| /* confdefs.h.  */
| 
| #define PACKAGE_NAME "sss"
| #define PACKAGE_TARNAME "sss"
| #define PACKAGE_VERSION "0.1"
| #define PACKAGE_STRING "sss 0.1"
| #define PACKAGE_BUGREPORT "douglas.baxter@pnl.gov"
| #define PACKAGE "sss"
| #define VERSION "0.1"
| /* end confdefs.h.  */
| #include <ac_nonexistent.h>
configure:2944: result: gcc -E
configure:2968: gcc -E  conftest.c
configure:2974: $? = 0
configure:3006: gcc -E  conftest.c
conftest.c:11:28: error: ac_nonexistent.h: No such file or directory
configure:3012: $? = 1
configure: failed program was:
| /* confdefs.h.  */
| 
| #define PACKAGE_NAME "sss"
| #define PACKAGE_TARNAME "sss"
| #define PACKAGE_VERSION "0.1"
| #define PACKAGE_STRING "sss 0.1"
| #define PACKAGE_BUGREPORT "douglas.baxter@pnl.gov"
| #define PACKAGE "sss"
| #define VERSION "0.1"
| /* end confdefs.h.  */
| #include <ac_nonexistent.h>
configure:3219: creating ./config.status

## ---------------------- ##
## Running config.status. ##
## ---------------------- ##

This file was extended by sss config.status 0.1, which was
generated by GNU Autoconf 2.59.  Invocation command line was

  CONFIG_FILES    = 
  CONFIG_HEADERS  = 
  CONFIG_LINKS    = 
  CONFIG_COMMANDS = 
  $ ./config.status 

on ddt

config.status:684: creating Makefile
config.status:867: executing depfiles commands

## ---------------- ##
## Cache variables. ##
## ---------------- ##

ac_cv_c_compiler_gnu=yes
ac_cv_env_CC_set=
ac_cv_env_CC_value=
ac_cv_env_CFLAGS_set=
ac_cv_env_CFLAGS_value=
ac_cv_env_CPPFLAGS_set=
ac_cv_env_CPPFLAGS_value=
ac_cv_env_CPP_set=
ac_cv_env_CPP_value=
ac_cv_env_LDFLAGS_set=
ac_cv_env_LDFLAGS_value=
ac_cv_env_build_alias_set=
ac_cv_env_build_alias_value=
ac_cv_env_host_alias_set=
ac_cv_env_host_alias_value=
ac_cv_env_target_alias_set=
ac_cv_env_target_alias_value=
ac_cv_exeext=
ac_cv_objext=o
ac_cv_path_install='/usr/bin/install -c'
ac_cv_prog_AWK=gawk
ac_cv_prog_CPP='gcc -E'
ac_cv_prog_ac_ct_CC=gcc
ac_cv_prog_cc_g=yes
ac_cv_prog_cc_stdc=
ac_cv_prog_make_make_set=yes
am_cv_CC_dependencies_compiler_type=none

## ----------------- ##
## Output variables. ##
## ----------------- ##

ACLOCAL='${SHELL} /home/dbaxter/boltzmann/missing --run aclocal-1.9'
AMDEPBACKSLASH='\'
AMDEP_FALSE='#'
AMDEP_TRUE=''
AMTAR='${SHELL} /home/dbaxter/boltzmann/missing --run tar'
AUTOCONF='${SHELL} /home/dbaxter/boltzmann/missing --run autoconf'
AUTOHEADER='${SHELL} /home/dbaxter/boltzmann/missing --run autoheader'
AUTOMAKE='${SHELL} /home/dbaxter/boltzmann/missing --run automake-1.9'
AWK='gawk'
CC='gcc'
CCDEPMODE='depmode=none'
CFLAGS='-O0 -g  -DLINUX'
CPP='gcc -E'
CPPFLAGS=''
CYGPATH_W='echo'
DEFS='-DPACKAGE_NAME=\"sss\" -DPACKAGE_TARNAME=\"sss\" -DPACKAGE_VERSION=\"0.1\" -DPACKAGE_STRING=\"sss\ 0.1\" -DPACKAGE_BUGREPORT=\"douglas.baxter@pnl.gov\" -DPACKAGE=\"sss\" -DVERSION=\"0.1\" '
DEPDIR='.deps'
ECHO_C=''
ECHO_N='-n'
ECHO_T=''
EXEEXT=''
INSTALL_DATA='${INSTALL} -m 644'
INSTALL_PROGRAM='${INSTALL}'
INSTALL_SCRIPT='${INSTALL}'
INSTALL_STRIP_PROGRAM='${SHELL} $(install_sh) -c -s'
LDFLAGS=''
LIBOBJS=''
LIBS=''
LTLIBOBJS=''
MAKEINFO='${SHELL} /home/dbaxter/boltzmann/missing --run makeinfo'
MMAP_CONFIG='no_'
MPI_EXECS=''
OBJEXT='o'
PACKAGE='sss'
PACKAGE_BUGREPORT='douglas.baxter@pnl.gov'
PACKAGE_NAME='sss'
PACKAGE_STRING='sss 0.1'
PACKAGE_TARNAME='sss'
PACKAGE_VERSION='0.1'
PATH_SEPARATOR=':'
SERIAL_EXECS='boltzmann'
SET_MAKE=''
SHELL='/bin/sh'
STRIP=''
TIMING_CONFIG='no_'
VERSION='0.1'
ac_ct_CC='gcc'
ac_ct_STRIP=''
am__fastdepCC_FALSE=''
am__fastdepCC_TRUE='#'
am__include='include'
am__leading_dot='.'
am__quote=''
am__tar='${AMTAR} chof - "$$tardir"'
am__untar='${AMTAR} xf -'
bindir='${exec_prefix}/bin'
build_alias=''
datadir='${prefix}/share'
exec_prefix='${prefix}'
host_alias=''
includedir='${prefix}/include'
infodir='${prefix}/info'
install_sh='/home/dbaxter/boltzmann/install-sh'
libdir='${exec_prefix}/lib'
libexecdir='${exec_prefix}/libexec'
localstatedir='${prefix}/var'
mandir='${prefix}/man'
mkdir_p='mkdir -p --'
oldincludedir='/usr/include'
prefix='/usr/local'
program_transform_name='s,x,x,'
sbindir='${exec_prefix}/sbin'
sharedstatedir='${prefix}/com'
sysconfdir='${prefix}/etc'
target_alias=''

## ----------- ##
## confdefs.h. ##
## ----------- ##

#define PACKAGE "sss"
#define PACKAGE_BUGREPORT "douglas.baxter@pnl.gov"
#define PACKAGE_NAME "sss"
#define PACKAGE_STRING "sss 0.1"
#define PACKAGE_TARNAME "sss"
#define PACKAGE_VERSION "0.1"
#define VERSION "0.1"

configure: exit 0

## ---------------------- ##
## Running config.status. ##
## ---------------------- ##

This file was extended by sss config.status 0.1, which was
generated by GNU Autoconf 2.59.  Invocation command line was

  CONFIG_FILES    = 
  CONFIG_HEADERS  = 
  CONFIG_LINKS    = 
  CONFIG_COMMANDS = 
  $ ./config.status Makefile

on ddt

config.status:684: creating Makefile

## ---------------------- ##
## Running config.status. ##
## ---------------------- ##

This file was extended by sss config.status 0.1, which was
generated by GNU Autoconf 2.59.  Invocation command line was

  CONFIG_FILES    = 
  CONFIG_HEADERS  = 
  CONFIG_LINKS    = 
  CONFIG_COMMANDS = 
  $ ./config.status Makefile

on ddt

config.status:684: creating Makefile
