../alloc0.c
../alloc0_a.c
../alloc2.c
../alloc2_a.c
../alloc3.c
../alloc4.c
../alloc5.c
../alloc6.c
../alloc7.c
../alloc8.c
../alloc9.c
../approximate_delta_concs.c
../approximate_jacobian.c
../approximate_ys0.c
../binary_search_l_u_b.c
../blank_to_dash.c
../blas.c
../bndry_flux_update.c
../boltzmann.c
../boltzmann_build_agent_data_block.c
../boltzmann_check_cvdls_errors.c
../boltzmann_check_cvodesens_errors.c
../boltzmann_check_cvodeset_errors.c
../boltzmann_check_cvspils_errors.c
../boltzmann_check_tol_errors.c
../boltzmann_compress_reactions.c
../boltzmann_cvodes.c
../boltzmann_cvodes_bsolve.c
../boltzmann_cvodes_fsolve.c
../boltzmann_cvodes_init.c
../boltzmann_cvodes_jtimes.c
../boltzmann_cvodes_psetup.c
../boltzmann_cvodes_psolve.c
../boltzmann_cvodes_rhs.c
../boltzmann_dense_to_sparse.c
../boltzmann_flatten_aux_data.c
../boltzmann_flatten_vgrng_state.c
../boltzmann_init.c
../boltzmann_init_core.c
../boltzmann_load_agent_data.c
../boltzmann_monitor_ode.c
../boltzmann_print_cvode_error.c
../boltzmann_print_cvodeinit_errors.c
../boltzmann_print_sensitivities.c
../boltzmann_rep_state_i.c
../boltzmann_run.c
../boltzmann_run_sim.c
../boltzmann_save_agent_data.c
../boltzmann_set_cvodes_linear_solver.c
../boltzmann_set_filename_ptrs.c
../boltzmann_set_state_ptrs.c
../boltzmann_size_jacobian.c
../boltzmann_sparse_mvp.c
../boltzmann_sparse_to_dense.c
../boltzmann_watch.c
../boltzmannize_json_id.c
../boltzmannize_string.c
../boot_alloc0.c
../boot_alloc1.c
../boot_alloc2.c
../boot_alloc3.c
../boot_alloc4.c
../boot_init.c
../boot_io_init.c
../build_newton_matrix.c
../bwarmup.c
../bwarmup_run.c
../candidate_rxn.c
../catenate_compartments_and_molecules.c
../ce_approximate_delta_concs.c
../ce_approximate_fluxes.c
../check_for_ws.c
../check_initial_concentrations.c
../choose_rxn.c
../compartment_lookup.c
../compute_chemical_potential.c
../compute_delta_g_forward_entropy_free_energy.c
../compute_dfdke_dfdmu0.c
../compute_flattened_state_size.c
../compute_flux_scaling.c
../compute_ke.c
../compute_kss.c
../compute_molecular_partition_probability.c
../compute_molecule_dg0tf.c
../compute_molecule_dg0tfs.c
../compute_net_likelihoods.c
../compute_net_lklhd_bndry_flux.c
../compute_reaction_dg0.c
../compute_standard_energies.c
../condense_strings.c
../copy_local_states.c
../count_molecules.c
../count_nlb.c
../count_nor.c
../count_ntb.c
../count_nws.c
../count_ws.c
../create_output_filenames.c
../crs_column_sort_rows.c
../dcrsng_mag_merge.c
../dcrsng_mag_sort.c
../deq.c
../deq_run.c
../dgbtf2.c
../dgbtrf.c
../dgbtrs.c
../dgemm.c
../dger.c
../dgetrf.c
../dgetrf2.c
../dgetrs.c
../dlaswp.c
../dmerge.c
../dreverse_list.c
../dsort.c
../dsort_pairs.c
../dsort_pairs_in_place.c
../dswap.c
../dtbsv.c
../dtrsm.c
../echo_inputs.c
../echo_params.c
../echo_reactions_file.c
../energy_init.c
../fill_meta_data.c
../find_colon.c
../form_molecules_matrix.c
../get_counts.c
../global_merge_and_map_compartments.c
../global_merge_molecules.c
../iluvf.c
../imerge.c
../init_base_reactants.c
../init_relative_rates.c
../init_rxn_file_keywords.c
../io_size_init.c
../is_a_coef.c
../isort.c
../keg_from_modelseed.c
../keg_from_pseudoisomer.c
../kegg_from_modelseed.c
../kegg_from_pseudoisomer.c
../lapack_test.c
../lr10_approximate_delta_concs.c
../lr11_approximate_delta_concs.c
../lr12_approximate_delta_concs.c
../lr13_approximate_delta_concs.c
../lr14_approximate_delta_concs.c
../lr1_approximate_delta_concs.c
../lr2_approximate_delta_concs.c
../lr3_approximate_delta_concs.c
../lr4_approximate_delta_concs.c
../lr5_approximate_delta_concs.c
../lr6_approximate_delta_concs.c
../lr7_approximate_delta_concs.c
../lr8_approximate_delta_concs.c
../lr8_approximate_jacobian.c
../lr8_approximate_ys0.c
../lr9_approximate_delta_concs.c
../lr_approximate_delta_concs.c
../lsame.c
../merge_compartments.c
../merge_molecules.c
../merge_sorted_strings.c
../metropolis.c
../modelseed_2_json.c
../molecules_lookup.c
../num_jac_col.c
../ode23tb.c
../ode23tb_build_factor_miter.c
../ode23tb_enforce_nonneg.c
../ode23tb_init_h.c
../ode23tb_init_wt.c
../ode23tb_limit_h.c
../ode23tb_max_abs_ratio.c
../ode23tb_nonneg_err.c
../ode23tb_normyp_o_wt.c
../ode23tb_update_wt.c
../ode23tbp.c
../ode_it_solve.c
../ode_num_jac.c
../ode_print_bflux_header.c
../ode_print_concs.c
../ode_print_concs_header.c
../ode_print_dconcs.c
../ode_print_dconcs_header.c
../ode_print_fluxes.c
../ode_print_lklhd_header.c
../ode_print_lklhds.c
../ode_solver.c
../ode_test_steady_state.c
../open_output_files.c
../pairwise_sum.c
../parse_pseudoisomer_dg0f_file.c
../parse_reactions_file.c
../parse_rxn_file_keyword.c
../parse_rxn_list_line.c
../parse_sbml.c
../parse_side_line.c
../precondition_newton_matrix.c
../print_active_reactions_matrix.c
../print_boundary_flux.c
../print_concs_dconcs.c
../print_concs_fluxes.c
../print_counts.c
../print_dense_jacobian.c
../print_dg0_ke.c
../print_free_energy.c
../print_free_energy_header.c
../print_likelihoods.c
../print_molecules_dictionary.c
../print_net_likelihood_header.c
../print_net_likelihoods.c
../print_net_lklhd_bndry_flux.c
../print_net_lklhd_bndry_flux_header.c
../print_reactions_matrix.c
../print_reactions_view.c
../print_restart_file.c
../print_rxn_choice.c
../print_rxn_likelihoods_header.c
../print_sparse_jacobian.c
../pseudoisomer_dg0tf.c
../read_compartment_sizes.c
../read_initial_concentrations.c
../read_kg2js.c
../read_ms2js.c
../read_params.c
../recover_solvent_coefficients.c
../run_init.c
../rxn_conc_update.c
../rxn_count_update.c
../rxn_likelihood.c
../rxn_likelihood_postselection.c
../rxn_likelihoods.c
../rxn_log_likelihoods.c
../rxns_init.c
../save_and_count_local_state.c
../save_likelihoods.c
../sbml2bo.c
../sbml_alloc0.c
../sbml_alloc1.c
../sbml_alloc2.c
../sbml_count_cmpts.c
../sbml_count_species.c
../sbml_find_section.c
../sbml_find_string.c
../sbml_generate_init_conc_line.c
../sbml_key_value.c
../sbml_look_for_in_reaction_tag.c
../sbml_lookup_compartment_attribute.c
../sbml_lookup_reaction_attribute.c
../sbml_lookup_species_attribute.c
../sbml_lookup_speciesref_attribute.c
../sbml_merge_species_trans.c
../sbml_parse_species_key_value.c
../sbml_process_list_of_compartments.c
../sbml_process_list_of_products_tag.c
../sbml_process_list_of_reactants_tag.c
../sbml_process_list_of_reactions.c
../sbml_process_list_of_species.c
../sbml_process_reaction_tag.c
../sbml_process_species_reference_tag.c
../sbml_process_substanceunits.c
../sbml_read_key_value.c
../sbml_set_file_names.c
../sbml_sort_species_trans.c
../sbml_start_species_def.c
../sbml_to_boltzmann.c
../sbml_volume_units_conversion.c
../set_compartment_ptrs.c
../set_count_trans.c
../sharp_pos.c
../size_kg2js_file.c
../size_ms2js_file.c
../size_pseudoisomer_file.c
../size_rxns_file.c
../size_rxns_list.c
../sort_compartments.c
../sort_global_compartments.c
../sort_global_molecules.c
../sort_json_ids.c
../sort_molecules.c
../species_init.c
../stable_add.c
../test.c
../translate_compartments.c
../translate_ms_2_js.c
../translate_regulation_metabolites.c
../unalloc6.c
../unique_compartments.c
../unique_compartments_core.c
../unique_molecules.c
../unique_molecules_core.c
../upcase.c
../update_regulation.c
../update_regulations.c
../update_rxn_likelihoods.c
../update_rxn_log_likelihoods.c
../vec_abs.c
../vec_div.c
../vec_max.c
../vec_mul.c
../vec_set_constant.c
../vgrng.c
../vgrng_init.c
../write_super_state.c
../zero_solvent_coefficients.c
