This file contains any messages produced by compilers while
running configure, to aid debugging if configure makes a mistake.

It was created by sss configure 0.1, which was
generated by GNU Autoconf 2.63.  Invocation command line was

  $ ./configure 

## --------- ##
## Platform. ##
## --------- ##

hostname = ddt
uname -m = x86_64
uname -r = 2.6.32-696.el6.x86_64
uname -s = Linux
uname -v = #1 SMP Tue Feb 21 00:53:17 EST 2017

/usr/bin/uname -p = unknown
/bin/uname -X     = unknown

/bin/arch              = x86_64
/usr/bin/arch -k       = unknown
/usr/convex/getsysinfo = unknown
/usr/bin/hostinfo      = unknown
/bin/machine           = unknown
/usr/bin/oslevel       = unknown
/bin/universe          = unknown

PATH: /home/dbaxter/perl
PATH: /home/dbaxter/bin
PATH: /usr/bin
PATH: /usr/sbin
PATH: /sbin
PATH: /bin
PATH: /usr/local/bin
PATH: ~/bin


## ----------- ##
## Core tests. ##
## ----------- ##

configure:1839: checking for a BSD-compatible install
configure:1907: result: /usr/bin/install -c
configure:1918: checking whether build environment is sane
configure:1978: result: yes
configure:2119: checking for a thread-safe mkdir -p
configure:2158: result: /bin/mkdir -p
configure:2171: checking for gawk
configure:2187: found /usr/bin/gawk
configure:2198: result: gawk
configure:2209: checking whether make sets $(MAKE)
configure:2231: result: yes
configure:2362: checking for gcc
configure:2378: found /usr/bin/gcc
configure:2389: result: gcc
configure:2621: checking for C compiler version
configure:2629: gcc --version >&5
gcc (GCC) 4.4.7 20120313 (Red Hat 4.4.7-18)
Copyright (C) 2010 Free Software Foundation, Inc.
This is free software; see the source for copying conditions.  There is NO
warranty; not even for MERCHANTABILITY or FITNESS FOR A PARTICULAR PURPOSE.

configure:2633: $? = 0
configure:2640: gcc -v >&5
Using built-in specs.
Target: x86_64-redhat-linux
Configured with: ../configure --prefix=/usr --mandir=/usr/share/man --infodir=/usr/share/info --with-bugurl=http://bugzilla.redhat.com/bugzilla --enable-bootstrap --enable-shared --enable-threads=posix --enable-checking=release --with-system-zlib --enable-__cxa_atexit --disable-libunwind-exceptions --enable-gnu-unique-object --enable-languages=c,c++,objc,obj-c++,java,fortran,ada --enable-java-awt=gtk --disable-dssi --with-java-home=/usr/lib/jvm/java-1.5.0-gcj-1.5.0.0/jre --enable-libgcj-multifile --enable-java-maintainer-mode --with-ecj-jar=/usr/share/java/eclipse-ecj.jar --disable-libjava-multilib --with-ppl --with-cloog --with-tune=generic --with-arch_32=i686 --build=x86_64-redhat-linux
Thread model: posix
gcc version 4.4.7 20120313 (Red Hat 4.4.7-18) (GCC) 
configure:2644: $? = 0
configure:2651: gcc -V >&5
gcc: '-V' option must have argument
configure:2655: $? = 1
configure:2678: checking for C compiler default output file name
configure:2700: gcc    conftest.c  >&5
configure:2704: $? = 0
configure:2742: result: a.out
configure:2761: checking whether the C compiler works
configure:2771: ./a.out
configure:2775: $? = 0
configure:2794: result: yes
configure:2801: checking whether we are cross compiling
configure:2803: result: no
configure:2806: checking for suffix of executables
configure:2813: gcc -o conftest    conftest.c  >&5
configure:2817: $? = 0
configure:2843: result: 
configure:2849: checking for suffix of object files
configure:2875: gcc -c   conftest.c >&5
configure:2879: $? = 0
configure:2904: result: o
configure:2908: checking whether we are using the GNU C compiler
configure:2937: gcc -c   conftest.c >&5
configure:2944: $? = 0
configure:2961: result: yes
configure:2970: checking whether gcc accepts -g
configure:3000: gcc -c -g  conftest.c >&5
configure:3007: $? = 0
configure:3108: result: yes
configure:3125: checking for gcc option to accept ISO C89
configure:3199: gcc  -c -g -O2  conftest.c >&5
configure:3206: $? = 0
configure:3229: result: none needed
configure:3258: checking for style of include used by make
configure:3286: result: GNU
configure:3311: checking dependency style of gcc
configure:3421: result: none
configure:3441: checking how to run the C preprocessor
configure:3481: gcc -E  conftest.c
configure:3488: $? = 0
configure:3519: gcc -E  conftest.c
conftest.c:10:28: error: ac_nonexistent.h: No such file or directory
configure:3526: $? = 1
configure: failed program was:
| /* confdefs.h.  */
| #define PACKAGE_NAME "sss"
| #define PACKAGE_TARNAME "sss"
| #define PACKAGE_VERSION "0.1"
| #define PACKAGE_STRING "sss 0.1"
| #define PACKAGE_BUGREPORT "douglas.baxter@pnnl.gov"
| #define PACKAGE "sss"
| #define VERSION "0.1"
| /* end confdefs.h.  */
| #include <ac_nonexistent.h>
configure:3559: result: gcc -E
configure:3588: gcc -E  conftest.c
configure:3595: $? = 0
configure:3626: gcc -E  conftest.c
conftest.c:10:28: error: ac_nonexistent.h: No such file or directory
configure:3633: $? = 1
configure: failed program was:
| /* confdefs.h.  */
| #define PACKAGE_NAME "sss"
| #define PACKAGE_TARNAME "sss"
| #define PACKAGE_VERSION "0.1"
| #define PACKAGE_STRING "sss 0.1"
| #define PACKAGE_BUGREPORT "douglas.baxter@pnnl.gov"
| #define PACKAGE "sss"
| #define VERSION "0.1"
| /* end confdefs.h.  */
| #include <ac_nonexistent.h>
configure:3857: creating ./config.status

## ---------------------- ##
## Running config.status. ##
## ---------------------- ##

This file was extended by sss config.status 0.1, which was
generated by GNU Autoconf 2.63.  Invocation command line was

  CONFIG_FILES    = 
  CONFIG_HEADERS  = 
  CONFIG_LINKS    = 
  CONFIG_COMMANDS = 
  $ ./config.status 

on ddt

config.status:694: creating Makefile
config.status:905: executing depfiles commands

## ---------------- ##
## Cache variables. ##
## ---------------- ##

ac_cv_c_compiler_gnu=yes
ac_cv_env_CC_set=
ac_cv_env_CC_value=
ac_cv_env_CFLAGS_set=
ac_cv_env_CFLAGS_value=
ac_cv_env_CPPFLAGS_set=
ac_cv_env_CPPFLAGS_value=
ac_cv_env_CPP_set=
ac_cv_env_CPP_value=
ac_cv_env_LDFLAGS_set=
ac_cv_env_LDFLAGS_value=
ac_cv_env_LIBS_set=
ac_cv_env_LIBS_value=
ac_cv_env_build_alias_set=
ac_cv_env_build_alias_value=
ac_cv_env_host_alias_set=
ac_cv_env_host_alias_value=
ac_cv_env_target_alias_set=
ac_cv_env_target_alias_value=
ac_cv_objext=o
ac_cv_path_install='/usr/bin/install -c'
ac_cv_path_mkdir=/bin/mkdir
ac_cv_prog_AWK=gawk
ac_cv_prog_CPP='gcc -E'
ac_cv_prog_ac_ct_CC=gcc
ac_cv_prog_cc_c89=
ac_cv_prog_cc_g=yes
ac_cv_prog_make_make_set=yes
am_cv_CC_dependencies_compiler_type=none

## ----------------- ##
## Output variables. ##
## ----------------- ##

ACLOCAL='${SHELL} /home/dbaxter/boltzmann/git/src/missing --run aclocal-1.11'
AMDEPBACKSLASH='\'
AMDEP_FALSE='#'
AMDEP_TRUE=''
AMTAR='${SHELL} /home/dbaxter/boltzmann/git/src/missing --run tar'
AUTOCONF='${SHELL} /home/dbaxter/boltzmann/git/src/missing --run autoconf'
AUTOHEADER='${SHELL} /home/dbaxter/boltzmann/git/src/missing --run autoheader'
AUTOMAKE='${SHELL} /home/dbaxter/boltzmann/git/src/missing --run automake-1.11'
AWK='gawk'
CC='gcc'
CCDEPMODE='depmode=none'
CFLAGS='-O2 -g -DLINUX'
CPP='gcc -E'
CPPFLAGS=''
CYGPATH_W='echo'
DEFS='-DPACKAGE_NAME=\"sss\" -DPACKAGE_TARNAME=\"sss\" -DPACKAGE_VERSION=\"0.1\" -DPACKAGE_STRING=\"sss\ 0.1\" -DPACKAGE_BUGREPORT=\"douglas.baxter@pnnl.gov\" -DPACKAGE=\"sss\" -DVERSION=\"0.1\"'
DEPDIR='.deps'
ECHO_C=''
ECHO_N='-n'
ECHO_T=''
EXEEXT=''
INSTALL_DATA='${INSTALL} -m 644'
INSTALL_PROGRAM='${INSTALL}'
INSTALL_SCRIPT='${INSTALL}'
INSTALL_STRIP_PROGRAM='$(install_sh) -c -s'
LDFLAGS=''
LIBOBJS=''
LIBS=''
LTLIBOBJS=''
MAKEINFO='${SHELL} /home/dbaxter/boltzmann/git/src/missing --run makeinfo'
MKDIR_P='/bin/mkdir -p'
MMAP_CONFIG='no_'
MPI_EXECS=''
OBJEXT='o'
PACKAGE='sss'
PACKAGE_BUGREPORT='douglas.baxter@pnnl.gov'
PACKAGE_NAME='sss'
PACKAGE_STRING='sss 0.1'
PACKAGE_TARNAME='sss'
PACKAGE_VERSION='0.1'
PATH_SEPARATOR=':'
SERIAL_EXECS='boltzmann boltzmann_boot_test sbml2bo rxn_map libboltzmann.a'
SET_MAKE=''
SHELL='/bin/sh'
STRIP=''
TIMING_CONFIG='no_'
VERSION='0.1'
ac_ct_CC='gcc'
am__EXEEXT_FALSE=''
am__EXEEXT_TRUE='#'
am__fastdepCC_FALSE=''
am__fastdepCC_TRUE='#'
am__include='include'
am__isrc=''
am__leading_dot='.'
am__quote=''
am__tar='${AMTAR} chof - "$$tardir"'
am__untar='${AMTAR} xf -'
bindir='${exec_prefix}/bin'
build_alias=''
datadir='${datarootdir}'
datarootdir='${prefix}/share'
docdir='${datarootdir}/doc/${PACKAGE_TARNAME}'
dvidir='${docdir}'
exec_prefix='${prefix}'
host_alias=''
htmldir='${docdir}'
includedir='${prefix}/include'
infodir='${datarootdir}/info'
install_sh='${SHELL} /home/dbaxter/boltzmann/git/src/install-sh'
libdir='${exec_prefix}/lib'
libexecdir='${exec_prefix}/libexec'
localedir='${datarootdir}/locale'
localstatedir='${prefix}/var'
mandir='${datarootdir}/man'
mkdir_p='/bin/mkdir -p'
oldincludedir='/usr/include'
pdfdir='${docdir}'
prefix='/usr/local'
program_transform_name='s,x,x,'
psdir='${docdir}'
sbindir='${exec_prefix}/sbin'
sharedstatedir='${prefix}/com'
sysconfdir='${prefix}/etc'
target_alias=''

## ----------- ##
## confdefs.h. ##
## ----------- ##

#define PACKAGE_NAME "sss"
#define PACKAGE_TARNAME "sss"
#define PACKAGE_VERSION "0.1"
#define PACKAGE_STRING "sss 0.1"
#define PACKAGE_BUGREPORT "douglas.baxter@pnnl.gov"
#define PACKAGE "sss"
#define VERSION "0.1"

configure: exit 0
